<?xml version="1.0" encoding="utf-8"?>
<!DOCTYPE coverage SYSTEM "http://cobertura.sourceforge.net/xml/coverage-04.dtd">
<coverage line-rate="0.32079550367488113" branch-rate="0.7887323943661971" lines-covered="742" lines-valid="2313" branches-covered="112" branches-valid="142" complexity="385" version="0" timestamp="1658519151">
  <sources>
    <source>/home/runner/work/csharp-news-scrapper/csharp-news-scrapper/news-scrapper/</source>
  </sources>
  <packages>
    <package name="news-scrapper.domain" line-rate="0.7176470588235294" branch-rate="1" complexity="115">
      <classes>
        <class name="news_scrapper.domain.AppSettings" filename="/home/runner/work/csharp-news-scrapper/csharp-news-scrapper/news-scrapper/news-scrapper.domain/AppSettings.cs" line-rate="1" branch-rate="1" complexity="2">
          <methods>
            <method name="get_Secret" signature="()" line-rate="1" branch-rate="1" complexity="1">
              <lines>
                <line number="5" hits="65" branch="false" />
              </lines>
            </method>
            <method name="get_RefreshTokenTTL" signature="()" line-rate="1" branch-rate="1" complexity="1">
              <lines>
                <line number="9" hits="44" branch="false" />
              </lines>
            </method>
          </methods>
          <lines>
            <line number="5" hits="65" branch="false" />
            <line number="9" hits="44" branch="false" />
          </lines>
        </class>
        <class name="news_scrapper.domain.DBModels.ArticleDb" filename="/home/runner/work/csharp-news-scrapper/csharp-news-scrapper/news-scrapper/news-scrapper.domain/DBModels/ArticleDb.cs" line-rate="1" branch-rate="1" complexity="8">
          <methods>
            <method name="get_Id" signature="()" line-rate="1" branch-rate="1" complexity="1">
              <lines>
                <line number="14" hits="135" branch="false" />
              </lines>
            </method>
            <method name="get_DateScrapped" signature="()" line-rate="1" branch-rate="1" complexity="1">
              <lines>
                <line number="15" hits="144" branch="false" />
              </lines>
            </method>
            <method name="get_Title" signature="()" line-rate="1" branch-rate="1" complexity="1">
              <lines>
                <line number="16" hits="141" branch="false" />
              </lines>
            </method>
            <method name="get_Url" signature="()" line-rate="1" branch-rate="1" complexity="1">
              <lines>
                <line number="17" hits="129" branch="false" />
              </lines>
            </method>
            <method name="get_Description" signature="()" line-rate="1" branch-rate="1" complexity="1">
              <lines>
                <line number="18" hits="129" branch="false" />
              </lines>
            </method>
            <method name="get_ImageUrl" signature="()" line-rate="1" branch-rate="1" complexity="1">
              <lines>
                <line number="19" hits="129" branch="false" />
              </lines>
            </method>
            <method name="get_WebsiteDetailsId" signature="()" line-rate="1" branch-rate="1" complexity="1">
              <lines>
                <line number="21" hits="193" branch="false" />
              </lines>
            </method>
            <method name="get_WebsiteDetails" signature="()" line-rate="1" branch-rate="1" complexity="1">
              <lines>
                <line number="24" hits="20" branch="false" />
              </lines>
            </method>
          </methods>
          <lines>
            <line number="14" hits="135" branch="false" />
            <line number="15" hits="144" branch="false" />
            <line number="16" hits="141" branch="false" />
            <line number="17" hits="129" branch="false" />
            <line number="18" hits="129" branch="false" />
            <line number="19" hits="129" branch="false" />
            <line number="21" hits="193" branch="false" />
            <line number="24" hits="20" branch="false" />
          </lines>
        </class>
        <class name="news_scrapper.domain.DBModels.CategoryDb" filename="/home/runner/work/csharp-news-scrapper/csharp-news-scrapper/news-scrapper/news-scrapper.domain/DBModels/CategoryDb.cs" line-rate="1" branch-rate="1" complexity="3">
          <methods>
            <method name="get_Id" signature="()" line-rate="1" branch-rate="1" complexity="1">
              <lines>
                <line number="9" hits="69" branch="false" />
              </lines>
            </method>
            <method name="get_Name" signature="()" line-rate="1" branch-rate="1" complexity="1">
              <lines>
                <line number="10" hits="69" branch="false" />
              </lines>
            </method>
            <method name="get_Websites" signature="()" line-rate="1" branch-rate="1" complexity="1">
              <lines>
                <line number="11" hits="13" branch="false" />
              </lines>
            </method>
          </methods>
          <lines>
            <line number="9" hits="69" branch="false" />
            <line number="10" hits="69" branch="false" />
            <line number="11" hits="13" branch="false" />
          </lines>
        </class>
        <class name="news_scrapper.domain.DBModels.RefreshTokenDb" filename="/home/runner/work/csharp-news-scrapper/csharp-news-scrapper/news-scrapper/news-scrapper.domain/DBModels/RefreshTokenDb.cs" line-rate="1" branch-rate="1" complexity="9">
          <methods>
            <method name="get_Id" signature="()" line-rate="1" branch-rate="1" complexity="1">
              <lines>
                <line number="13" hits="30" branch="false" />
              </lines>
            </method>
            <method name="get_Token" signature="()" line-rate="1" branch-rate="1" complexity="1">
              <lines>
                <line number="14" hits="30" branch="false" />
              </lines>
            </method>
            <method name="get_Expires" signature="()" line-rate="1" branch-rate="1" complexity="1">
              <lines>
                <line number="15" hits="30" branch="false" />
              </lines>
            </method>
            <method name="get_Created" signature="()" line-rate="1" branch-rate="1" complexity="1">
              <lines>
                <line number="16" hits="30" branch="false" />
              </lines>
            </method>
            <method name="get_CreatedByIp" signature="()" line-rate="1" branch-rate="1" complexity="1">
              <lines>
                <line number="17" hits="30" branch="false" />
              </lines>
            </method>
            <method name="get_Revoked" signature="()" line-rate="1" branch-rate="1" complexity="1">
              <lines>
                <line number="18" hits="30" branch="false" />
              </lines>
            </method>
            <method name="get_RevokedByIp" signature="()" line-rate="1" branch-rate="1" complexity="1">
              <lines>
                <line number="19" hits="30" branch="false" />
              </lines>
            </method>
            <method name="get_ReplacedByToken" signature="()" line-rate="1" branch-rate="1" complexity="1">
              <lines>
                <line number="20" hits="30" branch="false" />
              </lines>
            </method>
            <method name="get_ReasonRevoked" signature="()" line-rate="1" branch-rate="1" complexity="1">
              <lines>
                <line number="21" hits="30" branch="false" />
              </lines>
            </method>
          </methods>
          <lines>
            <line number="13" hits="30" branch="false" />
            <line number="14" hits="30" branch="false" />
            <line number="15" hits="30" branch="false" />
            <line number="16" hits="30" branch="false" />
            <line number="17" hits="30" branch="false" />
            <line number="18" hits="30" branch="false" />
            <line number="19" hits="30" branch="false" />
            <line number="20" hits="30" branch="false" />
            <line number="21" hits="30" branch="false" />
          </lines>
        </class>
        <class name="news_scrapper.domain.DBModels.UserDb" filename="/home/runner/work/csharp-news-scrapper/csharp-news-scrapper/news-scrapper/news-scrapper.domain/DBModels/UserDb.cs" line-rate="1" branch-rate="1" complexity="6">
          <methods>
            <method name="get_Id" signature="()" line-rate="1" branch-rate="1" complexity="1">
              <lines>
                <line number="13" hits="33" branch="false" />
              </lines>
            </method>
            <method name="get_FirstName" signature="()" line-rate="1" branch-rate="1" complexity="1">
              <lines>
                <line number="14" hits="33" branch="false" />
              </lines>
            </method>
            <method name="get_LastName" signature="()" line-rate="1" branch-rate="1" complexity="1">
              <lines>
                <line number="15" hits="33" branch="false" />
              </lines>
            </method>
            <method name="get_Username" signature="()" line-rate="1" branch-rate="1" complexity="1">
              <lines>
                <line number="16" hits="33" branch="false" />
              </lines>
            </method>
            <method name="get_PasswordHash" signature="()" line-rate="1" branch-rate="1" complexity="1">
              <lines>
                <line number="19" hits="38" branch="false" />
              </lines>
            </method>
            <method name="get_RefreshTokens" signature="()" line-rate="1" branch-rate="1" complexity="1">
              <lines>
                <line number="22" hits="33" branch="false" />
              </lines>
            </method>
          </methods>
          <lines>
            <line number="13" hits="33" branch="false" />
            <line number="14" hits="33" branch="false" />
            <line number="15" hits="33" branch="false" />
            <line number="16" hits="33" branch="false" />
            <line number="19" hits="38" branch="false" />
            <line number="22" hits="33" branch="false" />
          </lines>
        </class>
        <class name="news_scrapper.domain.DBModels.WebsiteDetailsDb" filename="/home/runner/work/csharp-news-scrapper/csharp-news-scrapper/news-scrapper/news-scrapper.domain/DBModels/WebsiteDetailsDb.cs" line-rate="1" branch-rate="1" complexity="13">
          <methods>
            <method name="get_id" signature="()" line-rate="1" branch-rate="1" complexity="1">
              <lines>
                <line number="9" hits="43" branch="false" />
              </lines>
            </method>
            <method name="get_Url" signature="()" line-rate="1" branch-rate="1" complexity="1">
              <lines>
                <line number="10" hits="43" branch="false" />
              </lines>
            </method>
            <method name="get_MainNodeXPathToNewsContainer" signature="()" line-rate="1" branch-rate="1" complexity="1">
              <lines>
                <line number="11" hits="39" branch="false" />
              </lines>
            </method>
            <method name="get_NewsNodeTag" signature="()" line-rate="1" branch-rate="1" complexity="1">
              <lines>
                <line number="12" hits="39" branch="false" />
              </lines>
            </method>
            <method name="get_NewsNodeClass" signature="()" line-rate="1" branch-rate="1" complexity="1">
              <lines>
                <line number="13" hits="39" branch="false" />
              </lines>
            </method>
            <method name="get_TitleNodeTag" signature="()" line-rate="1" branch-rate="1" complexity="1">
              <lines>
                <line number="14" hits="39" branch="false" />
              </lines>
            </method>
            <method name="get_TitleNodeClass" signature="()" line-rate="1" branch-rate="1" complexity="1">
              <lines>
                <line number="15" hits="39" branch="false" />
              </lines>
            </method>
            <method name="get_DescriptionNodeTag" signature="()" line-rate="1" branch-rate="1" complexity="1">
              <lines>
                <line number="16" hits="39" branch="false" />
              </lines>
            </method>
            <method name="get_DescriptionNodeClass" signature="()" line-rate="1" branch-rate="1" complexity="1">
              <lines>
                <line number="17" hits="39" branch="false" />
              </lines>
            </method>
            <method name="get_ImgNodeClass" signature="()" line-rate="1" branch-rate="1" complexity="1">
              <lines>
                <line number="18" hits="39" branch="false" />
              </lines>
            </method>
            <method name="get_Category" signature="()" line-rate="1" branch-rate="1" complexity="1">
              <lines>
                <line number="19" hits="39" branch="false" />
              </lines>
            </method>
            <method name="get_Articles" signature="()" line-rate="1" branch-rate="1" complexity="1">
              <lines>
                <line number="21" hits="4" branch="false" />
              </lines>
            </method>
            <method name="get_Categories" signature="()" line-rate="1" branch-rate="1" complexity="1">
              <lines>
                <line number="22" hits="40" branch="false" />
              </lines>
            </method>
          </methods>
          <lines>
            <line number="9" hits="43" branch="false" />
            <line number="10" hits="43" branch="false" />
            <line number="11" hits="39" branch="false" />
            <line number="12" hits="39" branch="false" />
            <line number="13" hits="39" branch="false" />
            <line number="14" hits="39" branch="false" />
            <line number="15" hits="39" branch="false" />
            <line number="16" hits="39" branch="false" />
            <line number="17" hits="39" branch="false" />
            <line number="18" hits="39" branch="false" />
            <line number="19" hits="39" branch="false" />
            <line number="21" hits="4" branch="false" />
            <line number="22" hits="40" branch="false" />
          </lines>
        </class>
        <class name="news_scrapper.domain.Exceptions.DevException" filename="/home/runner/work/csharp-news-scrapper/csharp-news-scrapper/news-scrapper/news-scrapper.domain/Exceptions/DevException.cs" line-rate="0.5" branch-rate="1" complexity="1">
          <methods>
            <method name=".ctor" signature="()" line-rate="0" branch-rate="1" complexity="1">
              <lines>
                <line number="7" hits="0" branch="false" />
                <line number="8" hits="0" branch="false" />
                <line number="9" hits="0" branch="false" />
              </lines>
            </method>
            <method name=".ctor" signature="(System.String)" line-rate="1" branch-rate="1" complexity="NaN">
              <lines>
                <line number="11" hits="6" branch="false" />
                <line number="12" hits="6" branch="false" />
                <line number="13" hits="6" branch="false" />
              </lines>
            </method>
          </methods>
          <lines>
            <line number="7" hits="0" branch="false" />
            <line number="8" hits="0" branch="false" />
            <line number="9" hits="0" branch="false" />
            <line number="11" hits="6" branch="false" />
            <line number="12" hits="6" branch="false" />
            <line number="13" hits="6" branch="false" />
          </lines>
        </class>
        <class name="news_scrapper.domain.Exceptions.InvalidWebsiteDetailsException" filename="/home/runner/work/csharp-news-scrapper/csharp-news-scrapper/news-scrapper/news-scrapper.domain/Exceptions/InvalidWebsiteDetailsException.cs" line-rate="0.5" branch-rate="1" complexity="1">
          <methods>
            <method name=".ctor" signature="()" line-rate="0" branch-rate="1" complexity="1">
              <lines>
                <line number="7" hits="0" branch="false" />
                <line number="8" hits="0" branch="false" />
                <line number="9" hits="0" branch="false" />
              </lines>
            </method>
            <method name=".ctor" signature="(System.String)" line-rate="1" branch-rate="1" complexity="NaN">
              <lines>
                <line number="11" hits="10" branch="false" />
                <line number="12" hits="10" branch="false" />
                <line number="13" hits="10" branch="false" />
              </lines>
            </method>
          </methods>
          <lines>
            <line number="7" hits="0" branch="false" />
            <line number="8" hits="0" branch="false" />
            <line number="9" hits="0" branch="false" />
            <line number="11" hits="10" branch="false" />
            <line number="12" hits="10" branch="false" />
            <line number="13" hits="10" branch="false" />
          </lines>
        </class>
        <class name="news_scrapper.domain.Models.Article" filename="/home/runner/work/csharp-news-scrapper/csharp-news-scrapper/news-scrapper/news-scrapper.domain/Models/Article.cs" line-rate="1" branch-rate="1" complexity="7">
          <methods>
            <method name="get_Id" signature="()" line-rate="1" branch-rate="1" complexity="1">
              <lines>
                <line number="7" hits="224" branch="false" />
              </lines>
            </method>
            <method name="get_DateScrapped" signature="()" line-rate="1" branch-rate="1" complexity="1">
              <lines>
                <line number="8" hits="254" branch="false" />
              </lines>
            </method>
            <method name="get_Title" signature="()" line-rate="1" branch-rate="1" complexity="1">
              <lines>
                <line number="9" hits="255" branch="false" />
              </lines>
            </method>
            <method name="get_Url" signature="()" line-rate="1" branch-rate="1" complexity="1">
              <lines>
                <line number="10" hits="243" branch="false" />
              </lines>
            </method>
            <method name="get_Description" signature="()" line-rate="1" branch-rate="1" complexity="1">
              <lines>
                <line number="11" hits="243" branch="false" />
              </lines>
            </method>
            <method name="get_ImageUrl" signature="()" line-rate="1" branch-rate="1" complexity="1">
              <lines>
                <line number="12" hits="243" branch="false" />
              </lines>
            </method>
            <method name="get_WebsiteDetailsId" signature="()" line-rate="1" branch-rate="1" complexity="1">
              <lines>
                <line number="15" hits="306" branch="false" />
              </lines>
            </method>
          </methods>
          <lines>
            <line number="7" hits="224" branch="false" />
            <line number="8" hits="254" branch="false" />
            <line number="9" hits="255" branch="false" />
            <line number="10" hits="243" branch="false" />
            <line number="11" hits="243" branch="false" />
            <line number="12" hits="243" branch="false" />
            <line number="15" hits="306" branch="false" />
          </lines>
        </class>
        <class name="news_scrapper.domain.Models.Categories.Category" filename="/home/runner/work/csharp-news-scrapper/csharp-news-scrapper/news-scrapper/news-scrapper.domain/Models/Categories/Category.cs" line-rate="1" branch-rate="1" complexity="3">
          <methods>
            <method name="get_Id" signature="()" line-rate="1" branch-rate="1" complexity="1">
              <lines>
                <line number="8" hits="14" branch="false" />
              </lines>
            </method>
            <method name="get_Name" signature="()" line-rate="1" branch-rate="1" complexity="1">
              <lines>
                <line number="9" hits="14" branch="false" />
              </lines>
            </method>
            <method name="get_Websites" signature="()" line-rate="1" branch-rate="1" complexity="1">
              <lines>
                <line number="10" hits="6" branch="false" />
              </lines>
            </method>
          </methods>
          <lines>
            <line number="8" hits="14" branch="false" />
            <line number="9" hits="14" branch="false" />
            <line number="10" hits="6" branch="false" />
          </lines>
        </class>
        <class name="news_scrapper.domain.Models.Categories.CategoryAdd" filename="/home/runner/work/csharp-news-scrapper/csharp-news-scrapper/news-scrapper/news-scrapper.domain/Models/Categories/CategoryAdd.cs" line-rate="1" branch-rate="1" complexity="3">
          <methods>
            <method name="get_Id" signature="()" line-rate="1" branch-rate="1" complexity="1">
              <lines>
                <line number="8" hits="4" branch="false" />
              </lines>
            </method>
            <method name="get_Name" signature="()" line-rate="1" branch-rate="1" complexity="1">
              <lines>
                <line number="10" hits="16" branch="false" />
              </lines>
            </method>
            <method name="get_WebsitesIds" signature="()" line-rate="1" branch-rate="1" complexity="1">
              <lines>
                <line number="11" hits="6" branch="false" />
              </lines>
            </method>
          </methods>
          <lines>
            <line number="8" hits="4" branch="false" />
            <line number="10" hits="16" branch="false" />
            <line number="11" hits="6" branch="false" />
          </lines>
        </class>
        <class name="news_scrapper.domain.Models.Categories.CategoryEdit" filename="/home/runner/work/csharp-news-scrapper/csharp-news-scrapper/news-scrapper/news-scrapper.domain/Models/Categories/CategoryEdit.cs" line-rate="1" branch-rate="1" complexity="2">
          <methods>
            <method name="get_Id" signature="()" line-rate="1" branch-rate="1" complexity="1">
              <lines>
                <line number="5" hits="4" branch="false" />
              </lines>
            </method>
            <method name="get_Name" signature="()" line-rate="1" branch-rate="1" complexity="1">
              <lines>
                <line number="6" hits="4" branch="false" />
              </lines>
            </method>
          </methods>
          <lines>
            <line number="5" hits="4" branch="false" />
            <line number="6" hits="4" branch="false" />
          </lines>
        </class>
        <class name="news_scrapper.domain.Models.Categories.CategoryWebsiteDetails" filename="/home/runner/work/csharp-news-scrapper/csharp-news-scrapper/news-scrapper/news-scrapper.domain/Models/Categories/CategoryWebsiteDetails.cs" line-rate="1" branch-rate="1" complexity="2">
          <methods>
            <method name="get_Id" signature="()" line-rate="1" branch-rate="1" complexity="1">
              <lines>
                <line number="5" hits="164" branch="false" />
              </lines>
            </method>
            <method name="get_Name" signature="()" line-rate="1" branch-rate="1" complexity="1">
              <lines>
                <line number="6" hits="124" branch="false" />
              </lines>
            </method>
          </methods>
          <lines>
            <line number="5" hits="164" branch="false" />
            <line number="6" hits="124" branch="false" />
          </lines>
        </class>
        <class name="news_scrapper.domain.Models.RefreshToken" filename="/home/runner/work/csharp-news-scrapper/csharp-news-scrapper/news-scrapper/news-scrapper.domain/Models/RefreshToken.cs" line-rate="1" branch-rate="1" complexity="13">
          <methods>
            <method name="get_Id" signature="()" line-rate="1" branch-rate="1" complexity="1">
              <lines>
                <line number="9" hits="99" branch="false" />
              </lines>
            </method>
            <method name="get_Token" signature="()" line-rate="1" branch-rate="1" complexity="1">
              <lines>
                <line number="10" hits="206" branch="false" />
              </lines>
            </method>
            <method name="get_Expires" signature="()" line-rate="1" branch-rate="1" complexity="1">
              <lines>
                <line number="11" hits="150" branch="false" />
              </lines>
            </method>
            <method name="get_Created" signature="()" line-rate="1" branch-rate="1" complexity="1">
              <lines>
                <line number="12" hits="117" branch="false" />
              </lines>
            </method>
            <method name="get_CreatedByIp" signature="()" line-rate="1" branch-rate="1" complexity="1">
              <lines>
                <line number="13" hits="101" branch="false" />
              </lines>
            </method>
            <method name="get_Revoked" signature="()" line-rate="1" branch-rate="1" complexity="1">
              <lines>
                <line number="14" hits="223" branch="false" />
              </lines>
            </method>
            <method name="get_RevokedByIp" signature="()" line-rate="1" branch-rate="1" complexity="1">
              <lines>
                <line number="15" hits="72" branch="false" />
              </lines>
            </method>
            <method name="get_ReplacedByToken" signature="()" line-rate="1" branch-rate="1" complexity="1">
              <lines>
                <line number="16" hits="120" branch="false" />
              </lines>
            </method>
            <method name="get_ReasonRevoked" signature="()" line-rate="1" branch-rate="1" complexity="1">
              <lines>
                <line number="17" hits="72" branch="false" />
              </lines>
            </method>
            <method name="get_IsExpired" signature="()" line-rate="1" branch-rate="1" complexity="1">
              <lines>
                <line number="18" hits="36" branch="false" />
              </lines>
            </method>
            <method name="get_IsRevoked" signature="()" line-rate="1" branch-rate="1" complexity="1">
              <lines>
                <line number="19" hits="90" branch="false" />
              </lines>
            </method>
            <method name="get_IsActive" signature="()" line-rate="1" branch-rate="1" complexity="2">
              <lines>
                <line number="20" hits="61" branch="true" condition-coverage="100% (2/2)" />
              </lines>
            </method>
          </methods>
          <lines>
            <line number="9" hits="99" branch="false" />
            <line number="10" hits="206" branch="false" />
            <line number="11" hits="150" branch="false" />
            <line number="12" hits="117" branch="false" />
            <line number="13" hits="101" branch="false" />
            <line number="14" hits="223" branch="false" />
            <line number="15" hits="72" branch="false" />
            <line number="16" hits="120" branch="false" />
            <line number="17" hits="72" branch="false" />
            <line number="18" hits="36" branch="false" />
            <line number="19" hits="90" branch="false" />
            <line number="20" hits="61" branch="true" condition-coverage="100% (2/2)" />
          </lines>
        </class>
        <class name="news_scrapper.domain.Models.User" filename="/home/runner/work/csharp-news-scrapper/csharp-news-scrapper/news-scrapper/news-scrapper.domain/Models/User.cs" line-rate="1" branch-rate="1" complexity="6">
          <methods>
            <method name="get_Id" signature="()" line-rate="1" branch-rate="1" complexity="1">
              <lines>
                <line number="8" hits="89" branch="false" />
              </lines>
            </method>
            <method name="get_FirstName" signature="()" line-rate="1" branch-rate="1" complexity="1">
              <lines>
                <line number="9" hits="84" branch="false" />
              </lines>
            </method>
            <method name="get_LastName" signature="()" line-rate="1" branch-rate="1" complexity="1">
              <lines>
                <line number="10" hits="84" branch="false" />
              </lines>
            </method>
            <method name="get_Username" signature="()" line-rate="1" branch-rate="1" complexity="1">
              <lines>
                <line number="11" hits="84" branch="false" />
              </lines>
            </method>
            <method name="get_PasswordHash" signature="()" line-rate="1" branch-rate="1" complexity="1">
              <lines>
                <line number="14" hits="72" branch="false" />
              </lines>
            </method>
            <method name="get_RefreshTokens" signature="()" line-rate="1" branch-rate="1" complexity="1">
              <lines>
                <line number="17" hits="127" branch="false" />
              </lines>
            </method>
          </methods>
          <lines>
            <line number="8" hits="89" branch="false" />
            <line number="9" hits="84" branch="false" />
            <line number="10" hits="84" branch="false" />
            <line number="11" hits="84" branch="false" />
            <line number="14" hits="72" branch="false" />
            <line number="17" hits="127" branch="false" />
          </lines>
        </class>
        <class name="news_scrapper.domain.Models.UsersAuth.AuthenticateRequest" filename="/home/runner/work/csharp-news-scrapper/csharp-news-scrapper/news-scrapper/news-scrapper.domain/Models/UsersAuth/AuthenticateRequest.cs" line-rate="1" branch-rate="1" complexity="2">
          <methods>
            <method name="get_Username" signature="()" line-rate="1" branch-rate="1" complexity="1">
              <lines>
                <line number="8" hits="11" branch="false" />
              </lines>
            </method>
            <method name="get_Password" signature="()" line-rate="1" branch-rate="1" complexity="1">
              <lines>
                <line number="10" hits="15" branch="false" />
              </lines>
            </method>
          </methods>
          <lines>
            <line number="8" hits="11" branch="false" />
            <line number="10" hits="15" branch="false" />
          </lines>
        </class>
        <class name="news_scrapper.domain.Models.UsersAuth.AuthenticateResponse" filename="/home/runner/work/csharp-news-scrapper/csharp-news-scrapper/news-scrapper/news-scrapper.domain/Models/UsersAuth/AuthenticateResponse.cs" line-rate="1" branch-rate="1" complexity="7">
          <methods>
            <method name="get_Id" signature="()" line-rate="1" branch-rate="1" complexity="1">
              <lines>
                <line number="8" hits="16" branch="false" />
              </lines>
            </method>
            <method name="get_FirstName" signature="()" line-rate="1" branch-rate="1" complexity="1">
              <lines>
                <line number="9" hits="16" branch="false" />
              </lines>
            </method>
            <method name="get_LastName" signature="()" line-rate="1" branch-rate="1" complexity="1">
              <lines>
                <line number="10" hits="16" branch="false" />
              </lines>
            </method>
            <method name="get_Username" signature="()" line-rate="1" branch-rate="1" complexity="1">
              <lines>
                <line number="11" hits="16" branch="false" />
              </lines>
            </method>
            <method name="get_JwtToken" signature="()" line-rate="1" branch-rate="1" complexity="1">
              <lines>
                <line number="12" hits="16" branch="false" />
              </lines>
            </method>
            <method name="get_ExpiresInDays" signature="()" line-rate="1" branch-rate="1" complexity="1">
              <lines>
                <line number="13" hits="16" branch="false" />
              </lines>
            </method>
            <method name="get_RefreshToken" signature="()" line-rate="1" branch-rate="1" complexity="1">
              <lines>
                <line number="16" hits="16" branch="false" />
              </lines>
            </method>
            <method name=".ctor" signature="(news_scrapper.domain.Models.User,System.String,System.String)" line-rate="1" branch-rate="1" complexity="NaN">
              <lines>
                <line number="18" hits="12" branch="false" />
                <line number="19" hits="12" branch="false" />
                <line number="20" hits="12" branch="false" />
                <line number="21" hits="12" branch="false" />
                <line number="22" hits="12" branch="false" />
                <line number="23" hits="12" branch="false" />
                <line number="24" hits="12" branch="false" />
                <line number="25" hits="12" branch="false" />
                <line number="26" hits="12" branch="false" />
              </lines>
            </method>
          </methods>
          <lines>
            <line number="8" hits="16" branch="false" />
            <line number="9" hits="16" branch="false" />
            <line number="10" hits="16" branch="false" />
            <line number="11" hits="16" branch="false" />
            <line number="12" hits="16" branch="false" />
            <line number="13" hits="16" branch="false" />
            <line number="16" hits="16" branch="false" />
            <line number="18" hits="12" branch="false" />
            <line number="19" hits="12" branch="false" />
            <line number="20" hits="12" branch="false" />
            <line number="21" hits="12" branch="false" />
            <line number="22" hits="12" branch="false" />
            <line number="23" hits="12" branch="false" />
            <line number="24" hits="12" branch="false" />
            <line number="25" hits="12" branch="false" />
            <line number="26" hits="12" branch="false" />
          </lines>
        </class>
        <class name="news_scrapper.domain.Models.UsersAuth.RevokeTokenRequest" filename="/home/runner/work/csharp-news-scrapper/csharp-news-scrapper/news-scrapper/news-scrapper.domain/Models/UsersAuth/RevokeTokenRequest.cs" line-rate="0" branch-rate="1" complexity="1">
          <methods>
            <method name="get_Token" signature="()" line-rate="0" branch-rate="1" complexity="1">
              <lines>
                <line number="11" hits="0" branch="false" />
              </lines>
            </method>
          </methods>
          <lines>
            <line number="11" hits="0" branch="false" />
          </lines>
        </class>
        <class name="news_scrapper.domain.Models.WebsiteDetails.WebsiteDetails" filename="/home/runner/work/csharp-news-scrapper/csharp-news-scrapper/news-scrapper/news-scrapper.domain/Models/WebsiteDetails/WebsiteDetails.cs" line-rate="0.3191489361702128" branch-rate="1" complexity="13">
          <methods>
            <method name="get_Id" signature="()" line-rate="1" branch-rate="1" complexity="1">
              <lines>
                <line number="33" hits="117" branch="false" />
              </lines>
            </method>
            <method name="get_Url" signature="()" line-rate="1" branch-rate="1" complexity="1">
              <lines>
                <line number="34" hits="179" branch="false" />
              </lines>
            </method>
            <method name="get_MainNodeXPathToNewsContainer" signature="()" line-rate="1" branch-rate="1" complexity="1">
              <lines>
                <line number="35" hits="169" branch="false" />
              </lines>
            </method>
            <method name="get_NewsNodeTag" signature="()" line-rate="1" branch-rate="1" complexity="1">
              <lines>
                <line number="36" hits="172" branch="false" />
              </lines>
            </method>
            <method name="get_NewsNodeClass" signature="()" line-rate="1" branch-rate="1" complexity="1">
              <lines>
                <line number="37" hits="157" branch="false" />
              </lines>
            </method>
            <method name="get_TitleNodeTag" signature="()" line-rate="1" branch-rate="1" complexity="1">
              <lines>
                <line number="38" hits="154" branch="false" />
              </lines>
            </method>
            <method name="get_TitleNodeClass" signature="()" line-rate="1" branch-rate="1" complexity="1">
              <lines>
                <line number="39" hits="154" branch="false" />
              </lines>
            </method>
            <method name="get_DescriptionNodeTag" signature="()" line-rate="1" branch-rate="1" complexity="1">
              <lines>
                <line number="40" hits="152" branch="false" />
              </lines>
            </method>
            <method name="get_DescriptionNodeClass" signature="()" line-rate="1" branch-rate="1" complexity="1">
              <lines>
                <line number="41" hits="152" branch="false" />
              </lines>
            </method>
            <method name="get_ImgNodeClass" signature="()" line-rate="1" branch-rate="1" complexity="1">
              <lines>
                <line number="42" hits="152" branch="false" />
              </lines>
            </method>
            <method name="get_Category" signature="()" line-rate="1" branch-rate="1" complexity="1">
              <lines>
                <line number="43" hits="87" branch="false" />
              </lines>
            </method>
            <method name="get_Categories" signature="()" line-rate="1" branch-rate="1" complexity="1">
              <lines>
                <line number="45" hits="104" branch="false" />
              </lines>
            </method>
            <method name="UpdateValues" signature="(news_scrapper.domain.Models.WebsiteDetails.WebsiteDetails)" line-rate="0" branch-rate="1" complexity="NaN">
              <lines>
                <line number="48" hits="0" branch="false" />
                <line number="49" hits="0" branch="false" />
                <line number="50" hits="0" branch="false" />
                <line number="51" hits="0" branch="false" />
                <line number="52" hits="0" branch="false" />
                <line number="53" hits="0" branch="false" />
                <line number="54" hits="0" branch="false" />
                <line number="55" hits="0" branch="false" />
                <line number="56" hits="0" branch="false" />
                <line number="57" hits="0" branch="false" />
                <line number="58" hits="0" branch="false" />
                <line number="59" hits="0" branch="false" />
              </lines>
            </method>
            <method name=".ctor" signature="()" line-rate="1" branch-rate="1" complexity="1">
              <lines>
                <line number="8" hits="52" branch="false" />
                <line number="9" hits="52" branch="false" />
                <line number="10" hits="52" branch="false" />
              </lines>
            </method>
            <method name=".ctor" signature="(System.String,System.String,System.String,System.String,System.String,System.String,System.String,System.String,System.String)" line-rate="0" branch-rate="1" complexity="NaN">
              <lines>
                <line number="12" hits="0" branch="false" />
                <line number="13" hits="0" branch="false" />
                <line number="14" hits="0" branch="false" />
                <line number="15" hits="0" branch="false" />
                <line number="16" hits="0" branch="false" />
                <line number="17" hits="0" branch="false" />
                <line number="18" hits="0" branch="false" />
                <line number="19" hits="0" branch="false" />
                <line number="20" hits="0" branch="false" />
                <line number="21" hits="0" branch="false" />
                <line number="22" hits="0" branch="false" />
                <line number="23" hits="0" branch="false" />
                <line number="24" hits="0" branch="false" />
                <line number="25" hits="0" branch="false" />
                <line number="26" hits="0" branch="false" />
                <line number="27" hits="0" branch="false" />
                <line number="28" hits="0" branch="false" />
                <line number="29" hits="0" branch="false" />
                <line number="30" hits="0" branch="false" />
                <line number="31" hits="0" branch="false" />
              </lines>
            </method>
          </methods>
          <lines>
            <line number="8" hits="52" branch="false" />
            <line number="9" hits="52" branch="false" />
            <line number="10" hits="52" branch="false" />
            <line number="12" hits="0" branch="false" />
            <line number="13" hits="0" branch="false" />
            <line number="14" hits="0" branch="false" />
            <line number="15" hits="0" branch="false" />
            <line number="16" hits="0" branch="false" />
            <line number="17" hits="0" branch="false" />
            <line number="18" hits="0" branch="false" />
            <line number="19" hits="0" branch="false" />
            <line number="20" hits="0" branch="false" />
            <line number="21" hits="0" branch="false" />
            <line number="22" hits="0" branch="false" />
            <line number="23" hits="0" branch="false" />
            <line number="24" hits="0" branch="false" />
            <line number="25" hits="0" branch="false" />
            <line number="26" hits="0" branch="false" />
            <line number="27" hits="0" branch="false" />
            <line number="28" hits="0" branch="false" />
            <line number="29" hits="0" branch="false" />
            <line number="30" hits="0" branch="false" />
            <line number="31" hits="0" branch="false" />
            <line number="33" hits="117" branch="false" />
            <line number="34" hits="179" branch="false" />
            <line number="35" hits="169" branch="false" />
            <line number="36" hits="172" branch="false" />
            <line number="37" hits="157" branch="false" />
            <line number="38" hits="154" branch="false" />
            <line number="39" hits="154" branch="false" />
            <line number="40" hits="152" branch="false" />
            <line number="41" hits="152" branch="false" />
            <line number="42" hits="152" branch="false" />
            <line number="43" hits="87" branch="false" />
            <line number="45" hits="104" branch="false" />
            <line number="48" hits="0" branch="false" />
            <line number="49" hits="0" branch="false" />
            <line number="50" hits="0" branch="false" />
            <line number="51" hits="0" branch="false" />
            <line number="52" hits="0" branch="false" />
            <line number="53" hits="0" branch="false" />
            <line number="54" hits="0" branch="false" />
            <line number="55" hits="0" branch="false" />
            <line number="56" hits="0" branch="false" />
            <line number="57" hits="0" branch="false" />
            <line number="58" hits="0" branch="false" />
            <line number="59" hits="0" branch="false" />
          </lines>
        </class>
        <class name="news_scrapper.domain.Models.WebsiteDetails.WebsiteDetailsCategory" filename="/home/runner/work/csharp-news-scrapper/csharp-news-scrapper/news-scrapper/news-scrapper.domain/Models/WebsiteDetails/WebsiteDetailsCategory.cs" line-rate="0" branch-rate="1" complexity="2">
          <methods>
            <method name="get_Id" signature="()" line-rate="0" branch-rate="1" complexity="1">
              <lines>
                <line number="5" hits="0" branch="false" />
              </lines>
            </method>
            <method name="get_Url" signature="()" line-rate="0" branch-rate="1" complexity="1">
              <lines>
                <line number="6" hits="0" branch="false" />
              </lines>
            </method>
          </methods>
          <lines>
            <line number="5" hits="0" branch="false" />
            <line number="6" hits="0" branch="false" />
          </lines>
        </class>
        <class name="news_scrapper.domain.ResponseViewModels.ArticlesResponseViewModel" filename="/home/runner/work/csharp-news-scrapper/csharp-news-scrapper/news-scrapper/news-scrapper.domain/ResponseViewModels/ArticlesResponseViewModel.cs" line-rate="1" branch-rate="1" complexity="3">
          <methods>
            <method name="get_Articles" signature="()" line-rate="1" branch-rate="1" complexity="1">
              <lines>
                <line number="18" hits="82" branch="false" />
              </lines>
            </method>
            <method name="get_ErrorMessages" signature="()" line-rate="1" branch-rate="1" complexity="1">
              <lines>
                <line number="19" hits="86" branch="false" />
              </lines>
            </method>
            <method name=".ctor" signature="()" line-rate="1" branch-rate="1" complexity="1">
              <lines>
                <line number="12" hits="29" branch="false" />
                <line number="13" hits="29" branch="false" />
                <line number="14" hits="29" branch="false" />
                <line number="15" hits="29" branch="false" />
                <line number="16" hits="29" branch="false" />
              </lines>
            </method>
          </methods>
          <lines>
            <line number="12" hits="29" branch="false" />
            <line number="13" hits="29" branch="false" />
            <line number="14" hits="29" branch="false" />
            <line number="15" hits="29" branch="false" />
            <line number="16" hits="29" branch="false" />
            <line number="18" hits="82" branch="false" />
            <line number="19" hits="86" branch="false" />
          </lines>
        </class>
        <class name="news_scrapper.domain.ResponseViewModels.WebsiteDetailsResponseViewModel" filename="/home/runner/work/csharp-news-scrapper/csharp-news-scrapper/news-scrapper/news-scrapper.domain/ResponseViewModels/WebsiteDetailsResponseViewModel.cs" line-rate="0" branch-rate="1" complexity="3">
          <methods>
            <method name="get_WebsiteDetails" signature="()" line-rate="0" branch-rate="1" complexity="1">
              <lines>
                <line number="18" hits="0" branch="false" />
              </lines>
            </method>
            <method name="get_ErrorMessages" signature="()" line-rate="0" branch-rate="1" complexity="1">
              <lines>
                <line number="19" hits="0" branch="false" />
              </lines>
            </method>
            <method name=".ctor" signature="()" line-rate="0" branch-rate="1" complexity="1">
              <lines>
                <line number="12" hits="0" branch="false" />
                <line number="13" hits="0" branch="false" />
                <line number="14" hits="0" branch="false" />
                <line number="15" hits="0" branch="false" />
                <line number="16" hits="0" branch="false" />
              </lines>
            </method>
          </methods>
          <lines>
            <line number="12" hits="0" branch="false" />
            <line number="13" hits="0" branch="false" />
            <line number="14" hits="0" branch="false" />
            <line number="15" hits="0" branch="false" />
            <line number="16" hits="0" branch="false" />
            <line number="18" hits="0" branch="false" />
            <line number="19" hits="0" branch="false" />
          </lines>
        </class>
      </classes>
    </package>
    <package name="news-scrapper.infrastructure" line-rate="0.26711996114618747" branch-rate="0.782608695652174" complexity="242">
      <classes>
        <class name="news_scrapper.infrastructure.Authorization.JwtUtils" filename="/home/runner/work/csharp-news-scrapper/csharp-news-scrapper/news-scrapper/news-scrapper.infrastructure/Authorization/JwtUtils.cs" line-rate="1" branch-rate="1" complexity="4">
          <methods>
            <method name="GenerateJwtToken" signature="(news_scrapper.domain.Models.User)" line-rate="1" branch-rate="1" complexity="NaN">
              <lines>
                <line number="33" hits="4" branch="false" />
                <line number="34" hits="4" branch="false" />
                <line number="36" hits="1" branch="false" />
                <line number="37" hits="1" branch="false" />
                <line number="39" hits="1" branch="false" />
                <line number="40" hits="1" branch="false" />
                <line number="41" hits="1" branch="false" />
                <line number="42" hits="1" branch="false" />
                <line number="43" hits="1" branch="false" />
                <line number="44" hits="1" branch="false" />
                <line number="46" hits="1" branch="false" />
                <line number="47" hits="1" branch="false" />
                <line number="48" hits="1" branch="false" />
              </lines>
            </method>
            <method name="GenerateRefreshToken" signature="(System.String)" line-rate="1" branch-rate="1" complexity="NaN">
              <lines>
                <line number="51" hits="1" branch="false" />
                <line number="53" hits="1" branch="false" />
                <line number="55" hits="1" branch="false" />
                <line number="56" hits="1" branch="false" />
                <line number="57" hits="1" branch="false" />
                <line number="58" hits="1" branch="false" />
                <line number="59" hits="1" branch="false" />
                <line number="60" hits="1" branch="false" />
                <line number="61" hits="1" branch="false" />
                <line number="63" hits="1" branch="false" />
                <line number="64" hits="1" branch="false" />
              </lines>
            </method>
            <method name="ValidateJwtToken" signature="(System.String)" line-rate="1" branch-rate="1" complexity="NaN">
              <lines>
                <line number="67" hits="7" branch="false" />
                <line number="68" hits="7" branch="true" condition-coverage="100% (2/2)" />
                <line number="69" hits="2" branch="false" />
                <line number="71" hits="5" branch="false" />
                <line number="73" hits="2" branch="false" />
                <line number="74" hits="2" branch="false" />
                <line number="76" hits="2" branch="false" />
                <line number="77" hits="2" branch="false" />
                <line number="78" hits="1" branch="false" />
                <line number="79" hits="2" branch="false" />
                <line number="81" hits="1" branch="false" />
                <line number="83" hits="1" branch="false" />
                <line number="84" hits="1" branch="false" />
                <line number="85" hits="1" branch="false" />
                <line number="87" hits="4" branch="false" />
              </lines>
            </method>
            <method name="validateToken" signature="(System.String,System.IdentityModel.Tokens.Jwt.JwtSecurityTokenHandler,System.Byte[])" line-rate="1" branch-rate="1" complexity="NaN">
              <lines>
                <line number="90" hits="2" branch="false" />
                <line number="91" hits="2" branch="false" />
                <line number="92" hits="2" branch="false" />
                <line number="93" hits="2" branch="false" />
                <line number="94" hits="2" branch="false" />
                <line number="95" hits="2" branch="false" />
                <line number="96" hits="2" branch="false" />
                <line number="97" hits="2" branch="false" />
                <line number="98" hits="2" branch="false" />
                <line number="99" hits="2" branch="false" />
                <line number="100" hits="1" branch="false" />
                <line number="101" hits="1" branch="false" />
              </lines>
            </method>
            <method name="validateAppSettingsSecret" signature="()" line-rate="1" branch-rate="1" complexity="4">
              <lines>
                <line number="104" hits="9" branch="false" />
                <line number="105" hits="9" branch="true" condition-coverage="100% (4/4)" />
                <line number="106" hits="6" branch="false" />
                <line number="107" hits="3" branch="false" />
              </lines>
            </method>
            <method name=".ctor" signature="(Microsoft.Extensions.Options.IOptions`1&lt;news_scrapper.domain.AppSettings&gt;,news_scrapper.application.Interfaces.IDateTimeProvider,news_scrapper.application.Interfaces.IRandomCryptoBytesGenerator)" line-rate="1" branch-rate="1" complexity="NaN">
              <lines>
                <line number="23" hits="18" branch="false" />
                <line number="24" hits="18" branch="false" />
                <line number="25" hits="18" branch="false" />
                <line number="26" hits="18" branch="false" />
                <line number="27" hits="18" branch="false" />
                <line number="28" hits="18" branch="false" />
                <line number="29" hits="18" branch="false" />
                <line number="30" hits="18" branch="false" />
              </lines>
            </method>
          </methods>
          <lines>
            <line number="23" hits="18" branch="false" />
            <line number="24" hits="18" branch="false" />
            <line number="25" hits="18" branch="false" />
            <line number="26" hits="18" branch="false" />
            <line number="27" hits="18" branch="false" />
            <line number="28" hits="18" branch="false" />
            <line number="29" hits="18" branch="false" />
            <line number="30" hits="18" branch="false" />
            <line number="33" hits="4" branch="false" />
            <line number="34" hits="4" branch="false" />
            <line number="36" hits="1" branch="false" />
            <line number="37" hits="1" branch="false" />
            <line number="39" hits="1" branch="false" />
            <line number="40" hits="1" branch="false" />
            <line number="41" hits="1" branch="false" />
            <line number="42" hits="1" branch="false" />
            <line number="43" hits="1" branch="false" />
            <line number="44" hits="1" branch="false" />
            <line number="46" hits="1" branch="false" />
            <line number="47" hits="1" branch="false" />
            <line number="48" hits="1" branch="false" />
            <line number="51" hits="1" branch="false" />
            <line number="53" hits="1" branch="false" />
            <line number="55" hits="1" branch="false" />
            <line number="56" hits="1" branch="false" />
            <line number="57" hits="1" branch="false" />
            <line number="58" hits="1" branch="false" />
            <line number="59" hits="1" branch="false" />
            <line number="60" hits="1" branch="false" />
            <line number="61" hits="1" branch="false" />
            <line number="63" hits="1" branch="false" />
            <line number="64" hits="1" branch="false" />
            <line number="67" hits="7" branch="false" />
            <line number="68" hits="7" branch="true" condition-coverage="100% (2/2)" />
            <line number="69" hits="2" branch="false" />
            <line number="71" hits="5" branch="false" />
            <line number="73" hits="2" branch="false" />
            <line number="74" hits="2" branch="false" />
            <line number="76" hits="2" branch="false" />
            <line number="77" hits="2" branch="false" />
            <line number="78" hits="1" branch="false" />
            <line number="79" hits="2" branch="false" />
            <line number="81" hits="1" branch="false" />
            <line number="83" hits="1" branch="false" />
            <line number="84" hits="1" branch="false" />
            <line number="85" hits="1" branch="false" />
            <line number="87" hits="4" branch="false" />
            <line number="90" hits="2" branch="false" />
            <line number="91" hits="2" branch="false" />
            <line number="92" hits="2" branch="false" />
            <line number="93" hits="2" branch="false" />
            <line number="94" hits="2" branch="false" />
            <line number="95" hits="2" branch="false" />
            <line number="96" hits="2" branch="false" />
            <line number="97" hits="2" branch="false" />
            <line number="98" hits="2" branch="false" />
            <line number="99" hits="2" branch="false" />
            <line number="100" hits="1" branch="false" />
            <line number="101" hits="1" branch="false" />
            <line number="104" hits="9" branch="false" />
            <line number="105" hits="9" branch="true" condition-coverage="100% (4/4)" />
            <line number="106" hits="6" branch="false" />
            <line number="107" hits="3" branch="false" />
          </lines>
        </class>
        <class name="news_scrapper.infrastructure.Data.ArticlesService" filename="/home/runner/work/csharp-news-scrapper/csharp-news-scrapper/news-scrapper/news-scrapper.infrastructure/Data/ArticlesService.cs" line-rate="0.9456521739130435" branch-rate="0.8928571428571429" complexity="12">
          <methods>
            <method name="get__pagesScrapperService" signature="()" line-rate="1" branch-rate="1" complexity="1">
              <lines>
                <line number="16" hits="31" branch="false" />
              </lines>
            </method>
            <method name="get__articlesUnitOfWork" signature="()" line-rate="1" branch-rate="1" complexity="1">
              <lines>
                <line number="17" hits="83" branch="false" />
              </lines>
            </method>
            <method name="get__mapper" signature="()" line-rate="1" branch-rate="1" complexity="1">
              <lines>
                <line number="18" hits="40" branch="false" />
              </lines>
            </method>
            <method name="Get" signature="()" line-rate="0.8888888888888888" branch-rate="1" complexity="4">
              <lines>
                <line number="29" hits="3" branch="false" />
                <line number="30" hits="3" branch="false" />
                <line number="31" hits="0" branch="false" />
                <line number="32" hits="3" branch="false" />
                <line number="34" hits="3" branch="true" condition-coverage="100% (4/4)" />
                <line number="35" hits="2" branch="false" />
                <line number="37" hits="1" branch="false" />
                <line number="38" hits="1" branch="false" />
                <line number="39" hits="3" branch="false" />
              </lines>
            </method>
            <method name="Get" signature="(System.Int32,System.Int32)" line-rate="0.8666666666666667" branch-rate="0.75" complexity="NaN">
              <lines>
                <line number="42" hits="7" branch="false" />
                <line number="43" hits="7" branch="false" />
                <line number="44" hits="0" branch="false" />
                <line number="45" hits="7" branch="false" />
                <line number="47" hits="7" branch="true" condition-coverage="100% (4/4)" />
                <line number="48" hits="2" branch="false" />
                <line number="50" hits="5" branch="false" />
                <line number="52" hits="5" branch="true" condition-coverage="50% (2/4)" />
                <line number="53" hits="0" branch="false" />
                <line number="55" hits="5" branch="false" />
                <line number="56" hits="5" branch="false" />
                <line number="57" hits="5" branch="false" />
                <line number="58" hits="5" branch="false" />
                <line number="60" hits="5" branch="false" />
                <line number="61" hits="7" branch="false" />
              </lines>
            </method>
            <method name="getAllAmountOfPages" signature="(System.Int32,System.Collections.Generic.IEnumerable`1&lt;news_scrapper.domain.DBModels.ArticleDb&gt;)" line-rate="1" branch-rate="1" complexity="NaN">
              <lines>
                <line number="64" hits="5" branch="false" />
                <line number="65" hits="5" branch="false" />
                <line number="66" hits="5" branch="false" />
                <line number="68" hits="5" branch="false" />
                <line number="70" hits="5" branch="true" condition-coverage="100% (2/2)" />
                <line number="71" hits="5" branch="false" />
                <line number="72" hits="5" branch="false" />
                <line number="73" hits="5" branch="false" />
              </lines>
            </method>
            <method name="GetById" signature="(System.Int32)" line-rate="0.8333333333333334" branch-rate="0.5" complexity="NaN">
              <lines>
                <line number="76" hits="2" branch="false" />
                <line number="77" hits="2" branch="false" />
                <line number="79" hits="2" branch="true" condition-coverage="50% (1/2)" />
                <line number="80" hits="0" branch="false" />
                <line number="82" hits="2" branch="false" />
                <line number="83" hits="2" branch="false" />
              </lines>
            </method>
            <method name="GetNew" signature="()" line-rate="0.9166666666666666" branch-rate="1" complexity="4">
              <lines>
                <line number="86" hits="3" branch="false" />
                <line number="87" hits="3" branch="false" />
                <line number="88" hits="0" branch="false" />
                <line number="89" hits="3" branch="false" />
                <line number="91" hits="3" branch="true" condition-coverage="100% (4/4)" />
                <line number="92" hits="2" branch="false" />
                <line number="94" hits="1" branch="false" />
                <line number="95" hits="1" branch="false" />
                <line number="96" hits="7" branch="false" />
                <line number="97" hits="1" branch="false" />
                <line number="99" hits="1" branch="false" />
                <line number="100" hits="3" branch="false" />
              </lines>
            </method>
            <method name="insertScrappedArticles" signature="(System.Collections.Generic.List`1&lt;news_scrapper.domain.Models.Article&gt;)" line-rate="1" branch-rate="1" complexity="NaN">
              <lines>
                <line number="127" hits="8" branch="false" />
                <line number="128" hits="8" branch="false" />
                <line number="129" hits="8" branch="true" condition-coverage="100% (2/2)" />
                <line number="130" hits="6" branch="false" />
                <line number="131" hits="78" branch="true" condition-coverage="100% (2/2)" />
                <line number="132" hits="30" branch="false" />
                <line number="133" hits="30" branch="false" />
                <line number="134" hits="94" branch="true" condition-coverage="100% (2/2)" />
                <line number="135" hits="94" branch="false" />
                <line number="141" hits="30" branch="true" condition-coverage="100% (2/2)" />
                <line number="142" hits="18" branch="false" />
                <line number="143" hits="30" branch="false" />
                <line number="144" hits="6" branch="false" />
                <line number="146" hits="8" branch="false" />
                <line number="147" hits="7" branch="false" />
                <line number="149" hits="7" branch="false" />
                <line number="150" hits="7" branch="false" />
              </lines>
            </method>
            <method name=".ctor" signature="(news_scrapper.application.Data.IPagesScrapperService,news_scrapper.application.UnitsOfWork.IArticlesUnitOfWork,AutoMapper.IMapper)" line-rate="1" branch-rate="1" complexity="NaN">
              <lines>
                <line number="20" hits="23" branch="false" />
                <line number="21" hits="23" branch="false" />
                <line number="22" hits="23" branch="false" />
                <line number="23" hits="23" branch="false" />
                <line number="24" hits="23" branch="false" />
                <line number="25" hits="23" branch="false" />
              </lines>
            </method>
            <method name="Scrap" signature="()" line-rate="1" branch-rate="1" complexity="1">
              <lines>
                <line number="104" hits="8" branch="false" />
                <line number="105" hits="8" branch="false" />
                <line number="106" hits="8" branch="false" />
                <line number="108" hits="8" branch="false" />
                <line number="109" hits="8" branch="false" />
                <line number="112" hits="8" branch="false" />
                <line number="113" hits="8" branch="false" />
                <line number="114" hits="7" branch="false" />
                <line number="115" hits="1" branch="false" />
                <line number="116" hits="1" branch="false" />
                <line number="117" hits="1" branch="false" />
                <line number="118" hits="1" branch="false" />
                <line number="120" hits="8" branch="false" />
                <line number="121" hits="8" branch="false" />
                <line number="123" hits="8" branch="false" />
                <line number="124" hits="8" branch="false" />
              </lines>
            </method>
          </methods>
          <lines>
            <line number="16" hits="31" branch="false" />
            <line number="17" hits="83" branch="false" />
            <line number="18" hits="40" branch="false" />
            <line number="20" hits="23" branch="false" />
            <line number="21" hits="23" branch="false" />
            <line number="22" hits="23" branch="false" />
            <line number="23" hits="23" branch="false" />
            <line number="24" hits="23" branch="false" />
            <line number="25" hits="23" branch="false" />
            <line number="29" hits="3" branch="false" />
            <line number="30" hits="3" branch="false" />
            <line number="31" hits="0" branch="false" />
            <line number="32" hits="3" branch="false" />
            <line number="34" hits="3" branch="true" condition-coverage="100% (4/4)" />
            <line number="35" hits="2" branch="false" />
            <line number="37" hits="1" branch="false" />
            <line number="38" hits="1" branch="false" />
            <line number="39" hits="3" branch="false" />
            <line number="42" hits="7" branch="false" />
            <line number="43" hits="7" branch="false" />
            <line number="44" hits="0" branch="false" />
            <line number="45" hits="7" branch="false" />
            <line number="47" hits="7" branch="true" condition-coverage="100% (4/4)" />
            <line number="48" hits="2" branch="false" />
            <line number="50" hits="5" branch="false" />
            <line number="52" hits="5" branch="true" condition-coverage="50% (2/4)" />
            <line number="53" hits="0" branch="false" />
            <line number="55" hits="5" branch="false" />
            <line number="56" hits="5" branch="false" />
            <line number="57" hits="5" branch="false" />
            <line number="58" hits="5" branch="false" />
            <line number="60" hits="5" branch="false" />
            <line number="61" hits="7" branch="false" />
            <line number="64" hits="5" branch="false" />
            <line number="65" hits="5" branch="false" />
            <line number="66" hits="5" branch="false" />
            <line number="68" hits="5" branch="false" />
            <line number="70" hits="5" branch="true" condition-coverage="100% (2/2)" />
            <line number="71" hits="5" branch="false" />
            <line number="72" hits="5" branch="false" />
            <line number="73" hits="5" branch="false" />
            <line number="76" hits="2" branch="false" />
            <line number="77" hits="2" branch="false" />
            <line number="79" hits="2" branch="true" condition-coverage="50% (1/2)" />
            <line number="80" hits="0" branch="false" />
            <line number="82" hits="2" branch="false" />
            <line number="83" hits="2" branch="false" />
            <line number="86" hits="3" branch="false" />
            <line number="87" hits="3" branch="false" />
            <line number="88" hits="0" branch="false" />
            <line number="89" hits="3" branch="false" />
            <line number="91" hits="3" branch="true" condition-coverage="100% (4/4)" />
            <line number="92" hits="2" branch="false" />
            <line number="94" hits="1" branch="false" />
            <line number="95" hits="1" branch="false" />
            <line number="96" hits="7" branch="false" />
            <line number="97" hits="1" branch="false" />
            <line number="99" hits="1" branch="false" />
            <line number="100" hits="3" branch="false" />
            <line number="104" hits="8" branch="false" />
            <line number="105" hits="8" branch="false" />
            <line number="106" hits="8" branch="false" />
            <line number="108" hits="8" branch="false" />
            <line number="109" hits="8" branch="false" />
            <line number="112" hits="8" branch="false" />
            <line number="113" hits="8" branch="false" />
            <line number="114" hits="7" branch="false" />
            <line number="115" hits="1" branch="false" />
            <line number="116" hits="1" branch="false" />
            <line number="117" hits="1" branch="false" />
            <line number="118" hits="1" branch="false" />
            <line number="120" hits="8" branch="false" />
            <line number="121" hits="8" branch="false" />
            <line number="123" hits="8" branch="false" />
            <line number="124" hits="8" branch="false" />
            <line number="127" hits="8" branch="false" />
            <line number="128" hits="8" branch="false" />
            <line number="129" hits="8" branch="true" condition-coverage="100% (2/2)" />
            <line number="130" hits="6" branch="false" />
            <line number="131" hits="78" branch="true" condition-coverage="100% (2/2)" />
            <line number="132" hits="30" branch="false" />
            <line number="133" hits="30" branch="false" />
            <line number="134" hits="94" branch="true" condition-coverage="100% (2/2)" />
            <line number="135" hits="94" branch="false" />
            <line number="141" hits="30" branch="true" condition-coverage="100% (2/2)" />
            <line number="142" hits="18" branch="false" />
            <line number="143" hits="30" branch="false" />
            <line number="144" hits="6" branch="false" />
            <line number="146" hits="8" branch="false" />
            <line number="147" hits="7" branch="false" />
            <line number="149" hits="7" branch="false" />
            <line number="150" hits="7" branch="false" />
          </lines>
        </class>
        <class name="news_scrapper.infrastructure.Data.CategoriesService" filename="/home/runner/work/csharp-news-scrapper/csharp-news-scrapper/news-scrapper/news-scrapper.infrastructure/Data/CategoriesService.cs" line-rate="0.9166666666666666" branch-rate="1" complexity="4">
          <methods>
            <method name="get__mapper" signature="()" line-rate="1" branch-rate="1" complexity="1">
              <lines>
                <line number="21" hits="43" branch="false" />
              </lines>
            </method>
            <method name="get__categoriesUnitOfWork" signature="()" line-rate="1" branch-rate="1" complexity="1">
              <lines>
                <line number="22" hits="54" branch="false" />
              </lines>
            </method>
            <method name="Add" signature="(news_scrapper.domain.Models.Categories.CategoryAdd)" line-rate="1" branch-rate="1" complexity="NaN">
              <lines>
                <line number="25" hits="7" branch="false" />
                <line number="26" hits="7" branch="true" condition-coverage="100% (2/2)" />
                <line number="27" hits="1" branch="false" />
                <line number="29" hits="6" branch="true" condition-coverage="100% (2/2)" />
                <line number="30" hits="2" branch="false" />
                <line number="32" hits="4" branch="false" />
                <line number="34" hits="4" branch="true" condition-coverage="100% (2/2)" />
                <line number="35" hits="1" branch="false" />
                <line number="36" hits="1" branch="false" />
                <line number="37" hits="1" branch="false" />
                <line number="39" hits="1" branch="false" />
                <line number="40" hits="1" branch="false" />
                <line number="42" hits="4" branch="false" />
                <line number="43" hits="4" branch="false" />
                <line number="45" hits="4" branch="false" />
                <line number="46" hits="4" branch="false" />
                <line number="47" hits="4" branch="false" />
              </lines>
            </method>
            <method name="Delete" signature="(System.Int32)" line-rate="1" branch-rate="1" complexity="NaN">
              <lines>
                <line number="50" hits="4" branch="false" />
                <line number="51" hits="4" branch="false" />
                <line number="53" hits="4" branch="true" condition-coverage="100% (2/2)" />
                <line number="54" hits="1" branch="false" />
                <line number="56" hits="3" branch="false" />
                <line number="57" hits="3" branch="false" />
                <line number="59" hits="3" branch="false" />
                <line number="60" hits="3" branch="false" />
              </lines>
            </method>
            <method name="GetWithWebsites" signature="()" line-rate="1" branch-rate="1" complexity="1">
              <lines>
                <line number="63" hits="2" branch="false" />
                <line number="64" hits="2" branch="false" />
                <line number="65" hits="2" branch="false" />
                <line number="66" hits="2" branch="false" />
                <line number="67" hits="2" branch="false" />
              </lines>
            </method>
            <method name="Get" signature="()" line-rate="0" branch-rate="1" complexity="1">
              <lines>
                <line number="70" hits="0" branch="false" />
                <line number="71" hits="0" branch="false" />
                <line number="72" hits="0" branch="false" />
                <line number="73" hits="0" branch="false" />
                <line number="74" hits="0" branch="false" />
              </lines>
            </method>
            <method name="Get" signature="(System.Int32)" line-rate="1" branch-rate="1" complexity="NaN">
              <lines>
                <line number="77" hits="2" branch="false" />
                <line number="78" hits="2" branch="false" />
                <line number="79" hits="2" branch="false" />
                <line number="80" hits="2" branch="false" />
                <line number="81" hits="2" branch="false" />
              </lines>
            </method>
            <method name="Get" signature="(System.String)" line-rate="1" branch-rate="1" complexity="NaN">
              <lines>
                <line number="84" hits="2" branch="false" />
                <line number="85" hits="2" branch="false" />
                <line number="86" hits="2" branch="false" />
                <line number="87" hits="2" branch="false" />
                <line number="88" hits="2" branch="false" />
              </lines>
            </method>
            <method name="Save" signature="(news_scrapper.domain.Models.Categories.CategoryEdit)" line-rate="1" branch-rate="1" complexity="NaN">
              <lines>
                <line number="91" hits="5" branch="false" />
                <line number="92" hits="5" branch="true" condition-coverage="100% (2/2)" />
                <line number="93" hits="1" branch="false" />
                <line number="95" hits="4" branch="false" />
                <line number="96" hits="4" branch="false" />
                <line number="97" hits="3" branch="false" />
                <line number="99" hits="3" branch="false" />
                <line number="100" hits="3" branch="false" />
              </lines>
            </method>
            <method name=".ctor" signature="(AutoMapper.IMapper,news_scrapper.application.UnitsOfWork.ICategoriesUnitOfWork)" line-rate="1" branch-rate="1" complexity="NaN">
              <lines>
                <line number="15" hits="22" branch="false" />
                <line number="16" hits="22" branch="false" />
                <line number="17" hits="22" branch="false" />
                <line number="18" hits="22" branch="false" />
                <line number="19" hits="22" branch="false" />
              </lines>
            </method>
          </methods>
          <lines>
            <line number="15" hits="22" branch="false" />
            <line number="16" hits="22" branch="false" />
            <line number="17" hits="22" branch="false" />
            <line number="18" hits="22" branch="false" />
            <line number="19" hits="22" branch="false" />
            <line number="21" hits="43" branch="false" />
            <line number="22" hits="54" branch="false" />
            <line number="25" hits="7" branch="false" />
            <line number="26" hits="7" branch="true" condition-coverage="100% (2/2)" />
            <line number="27" hits="1" branch="false" />
            <line number="29" hits="6" branch="true" condition-coverage="100% (2/2)" />
            <line number="30" hits="2" branch="false" />
            <line number="32" hits="4" branch="false" />
            <line number="34" hits="4" branch="true" condition-coverage="100% (2/2)" />
            <line number="35" hits="1" branch="false" />
            <line number="36" hits="1" branch="false" />
            <line number="37" hits="1" branch="false" />
            <line number="39" hits="1" branch="false" />
            <line number="40" hits="1" branch="false" />
            <line number="42" hits="4" branch="false" />
            <line number="43" hits="4" branch="false" />
            <line number="45" hits="4" branch="false" />
            <line number="46" hits="4" branch="false" />
            <line number="47" hits="4" branch="false" />
            <line number="50" hits="4" branch="false" />
            <line number="51" hits="4" branch="false" />
            <line number="53" hits="4" branch="true" condition-coverage="100% (2/2)" />
            <line number="54" hits="1" branch="false" />
            <line number="56" hits="3" branch="false" />
            <line number="57" hits="3" branch="false" />
            <line number="59" hits="3" branch="false" />
            <line number="60" hits="3" branch="false" />
            <line number="63" hits="2" branch="false" />
[...]
              <lines>
                <line number="36" hits="0" branch="false" />
                <line number="37" hits="0" branch="false" />
                <line number="38" hits="0" branch="false" />
              </lines>
            </method>
            <method name=".ctor" signature="(news_scrapper.infrastructure.DbAccess.PostgreSqlContext)" line-rate="0" branch-rate="1" complexity="NaN">
              <lines>
                <line number="15" hits="0" branch="false" />
                <line number="16" hits="0" branch="false" />
                <line number="17" hits="0" branch="false" />
                <line number="18" hits="0" branch="false" />
              </lines>
            </method>
          </methods>
          <lines>
            <line number="15" hits="0" branch="false" />
            <line number="16" hits="0" branch="false" />
            <line number="17" hits="0" branch="false" />
            <line number="18" hits="0" branch="false" />
            <line number="23" hits="0" branch="false" />
            <line number="24" hits="0" branch="true" condition-coverage="0% (0/2)" />
            <line number="25" hits="0" branch="false" />
            <line number="26" hits="0" branch="false" />
            <line number="27" hits="0" branch="false" />
            <line number="31" hits="0" branch="false" />
            <line number="32" hits="0" branch="false" />
            <line number="33" hits="0" branch="false" />
            <line number="36" hits="0" branch="false" />
            <line number="37" hits="0" branch="false" />
            <line number="38" hits="0" branch="false" />
          </lines>
        </class>
        <class name="news_scrapper.infrastructure.WebsiteService" filename="/home/runner/work/csharp-news-scrapper/csharp-news-scrapper/news-scrapper/news-scrapper.infrastructure/WebsiteService.cs" line-rate="1" branch-rate="1" complexity="2">
          <methods>
            <method name="get__httpclient" signature="()" line-rate="1" branch-rate="1" complexity="1">
              <lines>
                <line number="14" hits="6" branch="false" />
              </lines>
            </method>
            <method name=".ctor" signature="(System.Net.Http.HttpClient)" line-rate="1" branch-rate="1" complexity="NaN">
              <lines>
                <line number="16" hits="3" branch="false" />
                <line number="17" hits="3" branch="false" />
                <line number="18" hits="3" branch="false" />
                <line number="19" hits="3" branch="false" />
              </lines>
            </method>
            <method name="GetRawHtml" signature="()" line-rate="1" branch-rate="1" complexity="1">
              <lines>
                <line number="22" hits="3" branch="false" />
                <line number="24" hits="3" branch="false" />
                <line number="25" hits="3" branch="false" />
                <line number="27" hits="1" branch="false" />
                <line number="28" hits="1" branch="false" />
                <line number="29" hits="1" branch="false" />
                <line number="31" hits="1" branch="false" />
                <line number="32" hits="1" branch="false" />
                <line number="33" hits="1" branch="false" />
                <line number="35" hits="3" branch="false" />
              </lines>
            </method>
          </methods>
          <lines>
            <line number="14" hits="6" branch="false" />
            <line number="16" hits="3" branch="false" />
            <line number="17" hits="3" branch="false" />
            <line number="18" hits="3" branch="false" />
            <line number="19" hits="3" branch="false" />
            <line number="22" hits="3" branch="false" />
            <line number="24" hits="3" branch="false" />
            <line number="25" hits="3" branch="false" />
            <line number="27" hits="1" branch="false" />
            <line number="28" hits="1" branch="false" />
            <line number="29" hits="1" branch="false" />
            <line number="31" hits="1" branch="false" />
            <line number="32" hits="1" branch="false" />
            <line number="33" hits="1" branch="false" />
            <line number="35" hits="3" branch="false" />
          </lines>
        </class>
      </classes>
    </package>
    <package name="news-scrapper.resources" line-rate="0.8333333333333334" branch-rate="1" complexity="28">
      <classes>
        <class name="news_scrapper.resources.ApiResponses" filename="/home/runner/work/csharp-news-scrapper/csharp-news-scrapper/news-scrapper/news-scrapper.resources/ApiResponses.Designer.cs" line-rate="0.8333333333333334" branch-rate="1" complexity="27">
          <methods>
            <method name="get_ResourceManager" signature="()" line-rate="1" branch-rate="1" complexity="2">
              <lines>
                <line number="40" hits="98" branch="false" />
                <line number="41" hits="99" branch="true" condition-coverage="100% (2/2)" />
                <line number="42" hits="1" branch="false" />
                <line number="43" hits="1" branch="false" />
                <line number="44" hits="1" branch="false" />
                <line number="45" hits="98" branch="false" />
                <line number="46" hits="98" branch="false" />
              </lines>
            </method>
            <method name="get_Culture" signature="()" line-rate="0" branch-rate="1" complexity="1">
              <lines>
                <line number="55" hits="0" branch="false" />
                <line number="56" hits="0" branch="false" />
                <line number="57" hits="0" branch="false" />
              </lines>
            </method>
            <method name="set_Culture" signature="(System.Globalization.CultureInfo)" line-rate="0" branch-rate="1" complexity="NaN">
              <lines>
                <line number="58" hits="0" branch="false" />
                <line number="59" hits="0" branch="false" />
                <line number="60" hits="0" branch="false" />
              </lines>
            </method>
            <method name="get_ArticlesAddedAfterScrapping" signature="()" line-rate="1" branch-rate="1" complexity="1">
              <lines>
                <line number="67" hits="11" branch="false" />
                <line number="68" hits="11" branch="false" />
                <line number="69" hits="11" branch="false" />
              </lines>
            </method>
            <method name="get_ArticlesNotFound" signature="()" line-rate="0" branch-rate="1" complexity="1">
              <lines>
                <line number="76" hits="0" branch="false" />
                <line number="77" hits="0" branch="false" />
                <line number="78" hits="0" branch="false" />
              </lines>
            </method>
            <method name="get_ArticleWithIdNotFound" signature="()" line-rate="0" branch-rate="1" complexity="1">
              <lines>
                <line number="85" hits="0" branch="false" />
                <line number="86" hits="0" branch="false" />
                <line number="87" hits="0" branch="false" />
              </lines>
            </method>
            <method name="get_AttemptedReuseOfRevokedToken" signature="()" line-rate="1" branch-rate="1" complexity="1">
              <lines>
                <line number="94" hits="11" branch="false" />
                <line number="95" hits="11" branch="false" />
                <line number="96" hits="11" branch="false" />
              </lines>
            </method>
            <method name="get_CannotAddCategoryWithNameNullOrEmpty" signature="()" line-rate="1" branch-rate="1" complexity="1">
              <lines>
                <line number="103" hits="4" branch="false" />
                <line number="104" hits="4" branch="false" />
                <line number="105" hits="4" branch="false" />
              </lines>
            </method>
            <method name="get_CannotAddNullCategory" signature="()" line-rate="1" branch-rate="1" complexity="1">
              <lines>
                <line number="112" hits="2" branch="false" />
                <line number="113" hits="2" branch="false" />
                <line number="114" hits="2" branch="false" />
              </lines>
            </method>
            <method name="get_CannotGetMainNewsNodeByXpath" signature="()" line-rate="1" branch-rate="1" complexity="1">
              <lines>
                <line number="121" hits="2" branch="false" />
                <line number="122" hits="2" branch="false" />
                <line number="123" hits="2" branch="false" />
              </lines>
            </method>
            <method name="get_CannotGetTitleFromMainNode" signature="()" line-rate="1" branch-rate="1" complexity="1">
              <lines>
                <line number="130" hits="2" branch="false" />
                <line number="131" hits="2" branch="false" />
                <line number="132" hits="2" branch="false" />
              </lines>
            </method>
            <method name="get_CannotReachSiteWithGivenUrl" signature="()" line-rate="1" branch-rate="1" complexity="1">
              <lines>
                <line number="139" hits="2" branch="false" />
                <line number="140" hits="2" branch="false" />
                <line number="141" hits="2" branch="false" />
              </lines>
            </method>
            <method name="get_CategoryWithGivenIdNotFound" signature="()" line-rate="1" branch-rate="1" complexity="1">
              <lines>
                <line number="148" hits="2" branch="false" />
                <line number="149" hits="2" branch="false" />
                <line number="150" hits="2" branch="false" />
              </lines>
            </method>
            <method name="get_CategoryYouWishToUpdateCannotBeNull" signature="()" line-rate="1" branch-rate="1" complexity="1">
              <lines>
                <line number="157" hits="2" branch="false" />
                <line number="158" hits="2" branch="false" />
                <line number="159" hits="2" branch="false" />
              </lines>
            </method>
            <method name="get_InvalidToken" signature="()" line-rate="1" branch-rate="1" complexity="1">
              <lines>
                <line number="166" hits="15" branch="false" />
                <line number="167" hits="15" branch="false" />
                <line number="168" hits="15" branch="false" />
              </lines>
            </method>
            <method name="get_ReplacedByNewToken" signature="()" line-rate="1" branch-rate="1" complexity="1">
              <lines>
                <line number="175" hits="9" branch="false" />
                <line number="176" hits="9" branch="false" />
                <line number="177" hits="9" branch="false" />
              </lines>
            </method>
            <method name="get_RevokedWithoutReplacement" signature="()" line-rate="1" branch-rate="1" complexity="1">
              <lines>
                <line number="184" hits="2" branch="false" />
                <line number="185" hits="2" branch="false" />
                <line number="186" hits="2" branch="false" />
              </lines>
            </method>
            <method name="get_ThereAreNoWebsitesToScrap" signature="()" line-rate="1" branch-rate="1" complexity="1">
              <lines>
                <line number="193" hits="6" branch="false" />
                <line number="194" hits="6" branch="false" />
                <line number="195" hits="6" branch="false" />
              </lines>
            </method>
            <method name="get_UnexpectedErrorOccured" signature="()" line-rate="1" branch-rate="1" complexity="1">
              <lines>
                <line number="202" hits="2" branch="false" />
                <line number="203" hits="2" branch="false" />
                <line number="204" hits="2" branch="false" />
              </lines>
            </method>
            <method name="get_UsernameOrPasswordIsIncorrect" signature="()" line-rate="1" branch-rate="1" complexity="1">
              <lines>
                <line number="211" hits="4" branch="false" />
                <line number="212" hits="4" branch="false" />
                <line number="213" hits="4" branch="false" />
              </lines>
            </method>
            <method name="get_UserNotFound" signature="()" line-rate="1" branch-rate="1" complexity="1">
              <lines>
                <line number="220" hits="2" branch="false" />
                <line number="221" hits="2" branch="false" />
                <line number="222" hits="2" branch="false" />
              </lines>
            </method>
            <method name="get_WebsiteDetailsCannotBeNull" signature="()" line-rate="1" branch-rate="1" complexity="1">
              <lines>
                <line number="229" hits="4" branch="false" />
                <line number="230" hits="4" branch="false" />
                <line number="231" hits="4" branch="false" />
              </lines>
            </method>
            <method name="get_WebsiteDetailsCategoriesCannotBeDuplicated" signature="()" line-rate="1" branch-rate="1" complexity="1">
              <lines>
                <line number="238" hits="4" branch="false" />
                <line number="239" hits="4" branch="false" />
                <line number="240" hits="4" branch="false" />
              </lines>
            </method>
            <method name="get_WebsiteDetailsNewsNodeCannotBeNullOrEmpty" signature="()" line-rate="1" branch-rate="1" complexity="1">
              <lines>
                <line number="247" hits="4" branch="false" />
                <line number="248" hits="4" branch="false" />
                <line number="249" hits="4" branch="false" />
              </lines>
            </method>
            <method name="get_WebsiteDetailsUrlCannotBeNullOrEmpty" signature="()" line-rate="1" branch-rate="1" complexity="1">
              <lines>
                <line number="256" hits="4" branch="false" />
                <line number="257" hits="4" branch="false" />
                <line number="258" hits="4" branch="false" />
              </lines>
            </method>
            <method name="get_WebsiteDetailsXpathCannotBeNullOrEmpty" signature="()" line-rate="1" branch-rate="1" complexity="1">
              <lines>
                <line number="265" hits="4" branch="false" />
                <line number="266" hits="4" branch="false" />
                <line number="267" hits="4" branch="false" />
              </lines>
            </method>
            <method name=".ctor" signature="()" line-rate="0" branch-rate="1" complexity="1">
              <lines>
                <line number="32" hits="0" branch="false" />
                <line number="33" hits="0" branch="false" />
              </lines>
            </method>
          </methods>
          <lines>
            <line number="32" hits="0" branch="false" />
            <line number="33" hits="0" branch="false" />
            <line number="40" hits="98" branch="false" />
            <line number="41" hits="99" branch="true" condition-coverage="100% (2/2)" />
            <line number="42" hits="1" branch="false" />
            <line number="43" hits="1" branch="false" />
            <line number="44" hits="1" branch="false" />
            <line number="45" hits="98" branch="false" />
            <line number="46" hits="98" branch="false" />
            <line number="55" hits="0" branch="false" />
            <line number="56" hits="0" branch="false" />
            <line number="57" hits="0" branch="false" />
            <line number="58" hits="0" branch="false" />
            <line number="59" hits="0" branch="false" />
            <line number="60" hits="0" branch="false" />
            <line number="67" hits="11" branch="false" />
            <line number="68" hits="11" branch="false" />
            <line number="69" hits="11" branch="false" />
            <line number="76" hits="0" branch="false" />
            <line number="77" hits="0" branch="false" />
            <line number="78" hits="0" branch="false" />
            <line number="85" hits="0" branch="false" />
            <line number="86" hits="0" branch="false" />
            <line number="87" hits="0" branch="false" />
            <line number="94" hits="11" branch="false" />
            <line number="95" hits="11" branch="false" />
            <line number="96" hits="11" branch="false" />
            <line number="103" hits="4" branch="false" />
            <line number="104" hits="4" branch="false" />
            <line number="105" hits="4" branch="false" />
            <line number="112" hits="2" branch="false" />
            <line number="113" hits="2" branch="false" />
            <line number="114" hits="2" branch="false" />
            <line number="121" hits="2" branch="false" />
            <line number="122" hits="2" branch="false" />
            <line number="123" hits="2" branch="false" />
            <line number="130" hits="2" branch="false" />
            <line number="131" hits="2" branch="false" />
            <line number="132" hits="2" branch="false" />
            <line number="139" hits="2" branch="false" />
            <line number="140" hits="2" branch="false" />
            <line number="141" hits="2" branch="false" />
            <line number="148" hits="2" branch="false" />
            <line number="149" hits="2" branch="false" />
            <line number="150" hits="2" branch="false" />
            <line number="157" hits="2" branch="false" />
            <line number="158" hits="2" branch="false" />
            <line number="159" hits="2" branch="false" />
            <line number="166" hits="15" branch="false" />
            <line number="167" hits="15" branch="false" />
            <line number="168" hits="15" branch="false" />
            <line number="175" hits="9" branch="false" />
            <line number="176" hits="9" branch="false" />
            <line number="177" hits="9" branch="false" />
            <line number="184" hits="2" branch="false" />
            <line number="185" hits="2" branch="false" />
            <line number="186" hits="2" branch="false" />
            <line number="193" hits="6" branch="false" />
            <line number="194" hits="6" branch="false" />
            <line number="195" hits="6" branch="false" />
            <line number="202" hits="2" branch="false" />
            <line number="203" hits="2" branch="false" />
            <line number="204" hits="2" branch="false" />
            <line number="211" hits="4" branch="false" />
            <line number="212" hits="4" branch="false" />
            <line number="213" hits="4" branch="false" />
            <line number="220" hits="2" branch="false" />
            <line number="221" hits="2" branch="false" />
            <line number="222" hits="2" branch="false" />
            <line number="229" hits="4" branch="false" />
            <line number="230" hits="4" branch="false" />
            <line number="231" hits="4" branch="false" />
            <line number="238" hits="4" branch="false" />
            <line number="239" hits="4" branch="false" />
            <line number="240" hits="4" branch="false" />
            <line number="247" hits="4" branch="false" />
            <line number="248" hits="4" branch="false" />
            <line number="249" hits="4" branch="false" />
            <line number="256" hits="4" branch="false" />
            <line number="257" hits="4" branch="false" />
            <line number="258" hits="4" branch="false" />
            <line number="265" hits="4" branch="false" />
            <line number="266" hits="4" branch="false" />
            <line number="267" hits="4" branch="false" />
          </lines>
        </class>
      </classes>
    </package>
  </packages>
</coverage>